Arguments: 
  C:\Program Files\nodejs\node.exe C:\Users\uswe\AppData\Roaming\npm\node_modules\yarn\bin\yarn.js add http-status-codes

PATH: 
  C:\Windows\system32;C:\Windows;C:\Windows\System32\Wbem;C:\Windows\System32\WindowsPowerShell\v1.0\;C:\Windows\System32\OpenSSH\;C:\Program Files\Git\cmd;C:\Program Files\nodejs\;C:\Users\uswe\Downloads\mongosh-1.6.0-win32-x64 (1)\mongosh-1.6.0-win32-x64\bin;C:\Users\uswe\AppData\Local\Microsoft\WindowsApps;C:\Users\uswe\AppData\Local\Programs\Microsoft VS Code\bin;C:\Users\uswe\AppData\Roaming\npm;C:\Users\uswe\AppData\Local\hyper\app-3.0.2\resources\bin;C:\Users\uswe\Downloads\mongosh-1.6.0-win32-x64 (1)\mongosh-1.6.0-win32-x64\bin;

Yarn version: 
  1.22.19

Node version: 
  16.18.0

Platform: 
  win32 x64

Trace: 
  Error: getaddrinfo ENOTFOUND registry.yarnpkg.com
      at GetAddrInfoReqWrap.onlookup [as oncomplete] (node:dns:109:26)

npm manifest: 
  {
    "name": "y",
    "version": "1.0.0",
    "main": "index.js",
    "license": "MIT",
    "dependencies": {
      "dotenv": "^16.3.1",
      "express": "^4.18.2",
      "mongoose": "^7.5.0"
    },
    "scripts":{
      "start": "nodemon app.js"
    }
  }

yarn manifest: 
  No manifest

Lockfile: 
  No lockfile
